\BOOKMARK [1][-]{section.1}{\376\377\000A}{}% 1
\BOOKMARK [2][-]{subsection.1.1}{\376\377\000A\000r\000c\000h\000i\000t\000e\000t\000t\000u\000r\000a\000\040\000S\000o\000f\000t\000w\000a\000r\000e}{section.1}% 2
\BOOKMARK [1][-]{section.2}{\376\377\000B}{}% 3
\BOOKMARK [2][-]{subsection.2.1}{\376\377\000B\000e\000s\000t\000\040\000P\000r\000a\000c\000t\000i\000c\000e}{section.2}% 4
\BOOKMARK [2][-]{subsection.2.2}{\376\377\000B\000a\000s\000e\000l\000i\000n\000e}{section.2}% 5
\BOOKMARK [1][-]{section.3}{\376\377\000C}{}% 6
\BOOKMARK [2][-]{subsection.3.1}{\376\377\000C\000i\000c\000l\000o\000\040\000d\000i\000\040\000v\000i\000t\000a}{section.3}% 7
\BOOKMARK [2][-]{subsection.3.2}{\376\377\000C\000o\000n\000t\000r\000o\000l\000l\000o\000\040\000d\000i\000\040\000Q\000u\000a\000l\000i\000t\000\340}{section.3}% 8
\BOOKMARK [2][-]{subsection.3.3}{\376\377\000C\000o\000m\000p\000o\000n\000e\000n\000t\000e}{section.3}% 9
\BOOKMARK [1][-]{section.4}{\376\377\000D}{}% 10
\BOOKMARK [1][-]{section.5}{\376\377\000E}{}% 11
\BOOKMARK [2][-]{subsection.5.1}{\376\377\000E\000f\000f\000i\000c\000a\000c\000i\000a}{section.5}% 12
\BOOKMARK [2][-]{subsection.5.2}{\376\377\000E\000f\000f\000i\000c\000i\000e\000n\000z\000a}{section.5}% 13
\BOOKMARK [1][-]{section.6}{\376\377\000F}{}% 14
\BOOKMARK [1][-]{section.7}{\376\377\000G}{}% 15
\BOOKMARK [1][-]{section.8}{\376\377\000H}{}% 16
\BOOKMARK [1][-]{section.9}{\376\377\000I}{}% 17
\BOOKMARK [2][-]{subsection.9.1}{\376\377\000I\000t\000e\000r\000a\000z\000i\000o\000n\000e}{section.9}% 18
\BOOKMARK [2][-]{subsection.9.2}{\376\377\000I\000n\000c\000r\000e\000m\000e\000n\000t\000o}{section.9}% 19
\BOOKMARK [1][-]{section.10}{\376\377\000J}{}% 20
\BOOKMARK [1][-]{section.11}{\376\377\000K}{}% 21
\BOOKMARK [1][-]{section.12}{\376\377\000L}{}% 22
\BOOKMARK [1][-]{section.13}{\376\377\000M}{}% 23
\BOOKMARK [2][-]{subsection.13.1}{\376\377\000M\000o\000d\000e\000l\000l\000i\000\040\000d\000i\000\040\000c\000i\000c\000l\000o\000\040\000d\000i\000\040\000v\000i\000t\000a}{section.13}% 24
\BOOKMARK [2][-]{subsection.13.2}{\376\377\000M\000i\000s\000u\000r\000a\000z\000i\000o\000n\000e\000\040\000q\000u\000a\000n\000t\000i\000t\000a\000t\000i\000v\000a}{section.13}% 25
\BOOKMARK [2][-]{subsection.13.3}{\376\377\000M\000i\000l\000e\000s\000t\000o\000n\000e}{section.13}% 26
\BOOKMARK [2][-]{subsection.13.4}{\376\377\000M\000o\000d\000u\000l\000o}{section.13}% 27
\BOOKMARK [1][-]{section.14}{\376\377\000N}{}% 28
\BOOKMARK [1][-]{section.15}{\376\377\000O}{}% 29
\BOOKMARK [1][-]{section.16}{\376\377\000P}{}% 30
\BOOKMARK [2][-]{subsection.16.1}{\376\377\000P\000r\000o\000g\000e\000t\000t\000o}{section.16}% 31
\BOOKMARK [2][-]{subsection.16.2}{\376\377\000P\000r\000o\000c\000e\000s\000s\000i\000\040\000d\000i\000\040\000c\000i\000c\000l\000o\000\040\000d\000i\000\040\000v\000i\000t\000a}{section.16}% 32
\BOOKMARK [2][-]{subsection.16.3}{\376\377\000P\000r\000o\000c\000e\000s\000s\000o}{section.16}% 33
\BOOKMARK [2][-]{subsection.16.4}{\376\377\000P\000r\000o\000t\000o\000t\000i\000p\000o}{section.16}% 34
\BOOKMARK [2][-]{subsection.16.5}{\376\377\000P\000i\000a\000n\000o\000\040\000d\000i\000\040\000Q\000u\000a\000l\000i\000f\000i\000c\000a}{section.16}% 35
\BOOKMARK [2][-]{subsection.16.6}{\376\377\000P\000i\000a\000n\000o\000\040\000d\000e\000l\000l\000a\000\040\000Q\000u\000a\000l\000i\000t\000\340}{section.16}% 36
\BOOKMARK [1][-]{section.17}{\376\377\000R}{}% 37
\BOOKMARK [2][-]{subsection.17.1}{\376\377\000R\000i\000u\000s\000o}{section.17}% 38
\BOOKMARK [2][-]{subsection.17.2}{\376\377\000R\000e\000q\000u\000i\000s\000i\000t\000i}{section.17}% 39
\BOOKMARK [1][-]{section.18}{\376\377\000S}{}% 40
\BOOKMARK [2][-]{subsection.18.1}{\376\377\000S\000t\000a\000k\000e\000h\000o\000l\000d\000e\000r}{section.18}% 41
\BOOKMARK [2][-]{subsection.18.2}{\376\377\000S\000o\000f\000t\000w\000a\000r\000e\000\040\000E\000n\000g\000i\000n\000e\000e\000r\000i\000n\000g}{section.18}% 42
\BOOKMARK [2][-]{subsection.18.3}{\376\377\000S\000i\000s\000t\000e\000m\000a\000\040\000Q\000u\000a\000l\000i\000t\000\340}{section.18}% 43
\BOOKMARK [1][-]{section.19}{\376\377\000T}{}% 44
\BOOKMARK [2][-]{subsection.19.1}{\376\377\000T\000e\000a\000m\000w\000o\000r\000k}{section.19}% 45
\BOOKMARK [1][-]{section.20}{\376\377\000U}{}% 46
\BOOKMARK [2][-]{subsection.20.1}{\376\377\000U\000n\000i\000t\000\340}{section.20}% 47
\BOOKMARK [1][-]{section.21}{\376\377\000V}{}% 48
\BOOKMARK [2][-]{subsection.21.1}{\376\377\000V\000e\000r\000i\000f\000i\000c\000a}{section.21}% 49
\BOOKMARK [2][-]{subsection.21.2}{\376\377\000V\000a\000l\000i\000d\000a\000z\000i\000o\000n\000e}{section.21}% 50
\BOOKMARK [1][-]{section.22}{\376\377\000W}{}% 51
\BOOKMARK [2][-]{subsection.22.1}{\376\377\000W\000a\000y\000\040\000o\000f\000\040\000W\000o\000r\000k\000i\000n\000g}{section.22}% 52
\BOOKMARK [1][-]{section.23}{\376\377\000X}{}% 53
\BOOKMARK [1][-]{section.24}{\376\377\000Y}{}% 54
\BOOKMARK [1][-]{section.25}{\376\377\000Z}{}% 55
